make.exe all --print-data-base --no-builtin-variables --no-builtin-rules --question
# GNU Make 3.81
# Copyright (C) 2006  Free Software Foundation, Inc.
# This is free software; see the source for copying conditions.
# There is NO warranty; not even for MERCHANTABILITY or FITNESS FOR A
# PARTICULAR PURPOSE.

# This program built for i386-pc-mingw32
 

# Make data base, printed on Wed Aug 17 19:53:15 2022

# Variables

# automatic
<D = $(patsubst %/,%,$(dir $<))
# automatic
?F = $(notdir $?)
# makefile
MAKEFLAGS = Rrqp
# automatic
?D = $(patsubst %/,%,$(dir $?))
# automatic
@D = $(patsubst %/,%,$(dir $@))
# environment
HOMEDRIVE = C:
# automatic
@F = $(notdir $@)
# automatic
^D = $(patsubst %/,%,$(dir $^))
# makefile
CURDIR := c:/Users/Tobias/Documents/programming_projects/Learning_C++/Checkboard-Chase-2
# default
SHELL := sh.exe
# environment
WINDIR = C:\Windows
# environment
VSCODE_NLS_CONFIG = {"locale":"en-us","availableLanguages":{},"_languagePackSupport":true}
# environment
ONEDRIVE = C:\Users\tobia\OneDrive
# environment
GOOGLE_APPLICATION_CREDENTIALS = C:\Users\Tobias\Documents\programming projects\home pc python projects\DeWeebify\Google Cloud Key.json
# environment
PATHEXT = .COM;.EXE;.BAT;.CMD;.VBS;.VBE;.JS;.JSE;.WSF;.WSH;.MSC
# makefile
MAKEFILE_LIST := 
# environment
FPS_BROWSER_USER_PROFILE_STRING = Default
# environment
TMP = C:\Users\Tobias\AppData\Local\Temp
# environment
PROGRAMW6432 = C:\Program Files
# environment
PROGRAMDATA = C:\ProgramData
# environment
VSCODE_CWD = C:\Users\Tobias\AppData\Local\Programs\Microsoft VS Code
# environment
PATH = C:\Program Files\Common Files\Oracle\Java\javapath;C:\Program Files (x86)\Common Files\Oracle\Java\javapath;C:\Windows\system32;C:\Windows;C:\Windows\System32\Wbem;C:\Windows\System32\WindowsPowerShell\v1.0\;C:\Windows\System32\OpenSSH\;C:\Program Files\Git\cmd;C:\Program Files\dotnet\;C:\msys64\mingw64\bin;C:\Program Files (x86)\GnuWin32\bin;C:\Users\Tobias\Documents\youtube-dl;C:\Program Files\nodejs\;C:\Users\Tobias\AppData\Local\Microsoft\WindowsApps;C:\Users\Tobias\AppData\Local\Programs\Microsoft VS Code\bin;C:\Users\Tobias\AppData\Local\Packages\PythonSoftwareFoundation.Python.3.7_qbz5n2kfra8p0\LocalCache\local-packages\Python37\Scripts;C:\Users\Tobias\Documents\youtube-dl;C:\Program Files\javafx-sdk-17.0.2\lib;C:\Users\Tobias\.dotnet\tools;C:\Users\Tobias\AppData\Roaming\npm
# environment
CO 
MMONPROGRAMW6432 = C:\Program Files\Common Files
# environment
ZES_ENABLE_SYSMAN = 1
# environment
PROCESSOR_ARCHITECTURE = x86
# environment
USERPROFILE = C:\Users\Tobias
# environment
ALLUSERSPROFILE = C:\ProgramData
# environment
NUMBER_OF_PROCESSORS = 8
# environment
ELECTRON_RUN_AS_NODE = 1
# default
.FEATURES := target-specific order-only second-expansion else-if archives
# automatic
%F = $(notdir $%)
# environment
CHROME_CRASHPAD_PIPE_NAME = \\.\pipe\crashpad_12100_ATVBLVPLQAAYIKQZ
# environment
COMPUTERNAME = LAPTOP-V7F8952I
# environment
PROGRAMFILES = C:\Program Files (x86)
# environment
DRIVERDATA = C:\Windows\System32\Drivers\DriverData
# environment
ASL.LOG = Destination=file
# environment
ORIGINAL_XDG_CURRENT_DESKTOP = undefined
# environment
USERNAME = tobia
# environment
PUBLIC = C:\Users\Public
# environment
VSCODE_AMD_ENTRYPOINT = vs/workbench/api/node/extensionHostProcess
# environment
VSCODE_CODE_CACHE_PATH = C:\Users\Tobias\AppData\Roaming\Code\CachedData\6d9b74a70ca9c7733b29f0456fd8195364076dda
# environment
APPLICATION_INSIGHTS_NO_DIAGNOSTIC_CHANNEL = true
# environment
COMMONPROGRAMFILES = C:\Program Files (x86)\Common Files
# environment
LOGONSERVER = \\LAPTOP-V7F8952I
# environment
VSCODE_HANDLES_UNCAUGHT_ERRORS = true
# environment
USERDOMAIN = LAPTOP-V7F8952I
# default
MAKE = $(MAKE_COMMAND)
# default
MAKECMDGOALS := all
# default
MAKE_VERSION := 3.81
# makefile
.DEFAULT_GOAL := 
# environment
PROGRAMFILES(X86) = C:\Program Files (x86)
# automatic
%D = $(patsubst %/,%,$(dir $%))
# environment
LOCALAPPDATA = C:\Users\Tobias\AppData\Local
# environment
PSMODULEPATH = C:\Program Files\WindowsPowerShell\Modules;C:\Windows\system32\WindowsPowerShell\v1.0\Modules
# default
MAKE_COMMAND := make.exe
# environment
PROCESSOR_ARCHITEW6432 = AMD64
# default
.VARIABLES := 
# automatic
*F = $(notdir $*)
# environment
PROCESSOR_IDENTIFIER = Intel64 Family 6 Model 126 Stepping 5, GenuineIntel
# environment
OS = Windows_NT
# environment
VSCODE_IPC_HOOK = \\.\pipe\2b09b85a2526307ea6ce3d44aeab7fd8-1.70.1-main-sock
# environment
HOMEPATH = \Users\Tobias
# environment
COMMONPROGRAMFILES(X86) = C:\Program Files (x86)\Common Files
# environment
PROMPT = $P$G
# environment
MFLAGS = -Rrqp
# automatic
*D = $(patsubst %/,%,$(dir $*))
# environment
SYSTEMROOT = C:\Windows
# automatic
+D = $(patsubst %/,%,$(dir $+))
# automatic
+F = $(notdir $+)
# environment
APPDATA = C:\Users\Tobias\AppData\Roaming
# environment
TEMP = C:\Users\Tobias\AppData\Local\Temp
# environment
COMSPEC = C:\Windows\system32\cmd.exe
# default 

MAKEFILES := 
# automatic
<F = $(notdir $<)
# environment
LC_ALL = C
# automatic
^F = $(notdir $^)
# default
SUFFIXES := 
# environment
SYSTEMDRIVE = C:
# environment
SESSIONNAME = Console
# environment
PROCESSOR_REVISION = 7e05
# environment
MAKELEVEL := 0
# environment
LANG = C
# environment
PROCESSOR_LEVEL = 6
# environment
FPS_BROWSER_APP_PROFILE_STRING = Internet Explorer
# environment
VSCODE_PID = 12100
# environment
DISCORD_API_KEY = NjA3NzE0NzI0MTkyMTkwNDY3.XUdocQ.5q5ULta4AiNsZ2G4bRD82c9emnA
# environment
USERDOMAIN_ROAMINGPROFILE = LAPTOP-V7F8952I
# variable set hash-table stats:
# Load=87/1024=8%, Rehash=0, Collisions=9/104=9%

# Pattern-specific Variable Values

# No pattern-specific variable values.

# Directories

# C:\Program Files\Common Files\Oracle\Java\javapath (key C:/Program Files/Common Files/Oracle/Java/javapath, mtime 1644198084): 6 files, no impossibilities.
# C:\Windows\System32\WindowsPowerShell\v1.0\ (key C:/Windows/System32/WindowsPowerShell/v1.0/, mtime 1623272844): 30 files, no  
impossibilities.
# C:\Windows\System32\Wbem (key C:/Windows/System32/Wbem, mtime 1658121151): 153 files, no impossibilities.
# . (key c:/Users/Tobias/Documents/programming_projects/Learning_C++/Checkboard-Chase-2, mtime 1656884800): 10 files, no impossibilities.
# C:\Users\Tobias\AppData\Local\Packages\PythonSoftwareFoundation.Python.3.7_qbz5n2kfra8p0\LocalCache\local-packages\Python37\Scripts (key C:/Users/Tobias/AppData/Local/Packages/PythonSoftwareFoundation.Python.3.7_qbz5n2kfra8p0/LocalCache/local-packages/Python37/Scripts, mtime 1650760252): 22 files, no impossibilities.
# C:\Program Files\nodejs\ (key C:/Program Files/nodejs/, mtime 1656036343): 13 files, no impossibilities.
# C:\Program Files\dotnet\ (key C:/Program Files/dotnet/, mtime 1654483703): 13 files, no impossibilities.
# C:\Users\Tobias\AppData\Local\Programs\Microsoft VS Code\bin (key C:/Users/Tobias/AppData/Local/Programs/Microsoft VS Code/bin, mtime 1660322988): 4 files, no impossibilities.
# C:\Users\Tobias\AppData\Roaming\npm (key C:/Users/Tobias/AppData/Roaming/npm, mtime 1656037965): 6 files, no impossibilities.
# C:\Users\Tobias\.dotnet\tools: could not be stat'd.
# C:\Windows\System32\OpenSSH\: could not be stat'd.
# C:\Program Files (x86)\Common Files\Oracle\Java\javapath (key C:/Program Files (x86)/Common Files/Oracle/Java/javapath, mtime 1644198757): 5 files, no impossibilities.
# C:\Windows (key C:/Windows, mtime 1660450966): 129 files, no impossibilities.
# C:\Users\Tobias\AppData\Local\Microsoft\WindowsApps (key C:/Users/Tobias/ 
AppData/Local/Microsoft/WindowsApps, mtime 1659799301): 32 files, no impossibilities.
# C:\Users\Tobias\Documents\youtube-dl (key C:/Users/Tobias/Documents/youtube-dl, mtime 1658185550): 8 files, no impossibilities.
# C:\msys64\mingw64\bin (key C:/msys64/mingw64/bin, mtime 1652495873): 212 files, no impossibilities.
# C:\Program Files\javafx-sdk-17.0.2\lib (key C:/Program Files/javafx-sdk-17.0.2/lib, mtime 1644196858): 11 files, no impossibilities.
# C:\Program Files\Git\cmd (key C:/Program Files/Git/cmd, mtime 1623284354): 8 files, no impossibilities.
# C:\Windows\system32 (key C:/Windows/system32, mtime 1660779079): 2977 files, no impossibilities.
# C:\Program Files (x86)\GnuWin32\bin (key C:/Program Files (x86)/GnuWin32/bin, mtime 1654555167): 5 files, no impossibilities.

# 3644 files, no impossibilities in 20 directories.

# Implicit Rules

# No implicit rules.

# Files

# Not a target:
all:
#  Command-line target.
#  Implicit rule search has been done.
#  File does not exist.
#  File has not been update 
make.exe: *** No rule to make target `all'.  Stop.

d.
# variable set hash-table stats:
# Load=0/32=0%, Rehash=0, Collisions=0/0=0%

# Not a target:
.DEFAULT:
#  Implicit rule search has not been done.
#  Modification time never checked.
#  File has not been updated.

# Not a target:
makefile:
#  A default, MAKEFILES, or -include/sinclude makefile.
#  Implicit rule search has been done.
#  File does not exist.
#  File has been updated.
#  Failed to be updated.
# variable set hash-table stats:
# Load=0/32=0%, Rehash=0, Collisions=0/0=0%

# Not a target:
.SUFFIXES:
#  Implicit rule search has not been done.
#  Modification time never checked.
#  File has not been updated.

# Not a target:
GNUmakefile:
#  A default, MAKEFILES, or -include/sinclude makefile.
#  Implicit rule search has been done.
#  File does not exist.
#  File has been updated.
#  Failed to be updated.
# variable set hash-table stats:
# Load=0/32=0%, Rehash=0, Collisions=0/0=0%

# files hash-table stats:
# Load=5/1024=0%, Rehash=0, Collisions=0/16=0%
# VPATH Search Paths

# No `vpath' search paths.

# No general (`VPATH' variable) search path.

# # of strings in strcache: 0
# # of strcache buffers: 0
# strcache size: total = 0 / max = 0 / min = 4096 / avg = 0
# strcache free: total = 0 / max = 0 / min = 4096 / avg = 0

# Finished Make data base on Wed Aug 17 19:53:15 2022

 
